<?xml version="1.0" encoding="UTF-8"?><testsuite errors="0" failures="1" name="As a user I want to make bookings in travelocity" skipped="0" tests="8" time="166.09" timestamp="2021-02-19 07:54:03"><testcase name="Successful hotel booking in travelocity"/><testcase name="Search hotel booking in travelocity not exists"/><testcase name="Reservation date hotel with more 28 days"/><testcase name="Reservation hotel without specify place"/><testcase name="Send text message for download App success"><failure message="The text message is no expected - Expected the message success&#10;Expected: is &lt;true&gt;&#10;     but: was &lt;false&gt;" type="java.lang.AssertionError">The text message is no expected - Expected the message success
Expected: is &lt;true&gt;
     but: was &lt;false&gt;</failure><system-err>The text message is no expected - Expected the message success
Expected: is &lt;true&gt;
     but: was &lt;false&gt;
com.cinte.reto_travelocity.stepdefinitions.ReservationsDefinitions.iVerifyThatTheMessageAppear(ReservationsDefinitions.java:84)
✽.I verify that the message "We’ve sent you a text message with a link to download the app." appear(src/test/resources/features/reservations.feature:48)
</system-err></testcase><testcase name="Send text message with phone number already used"/><testcase name="Send text message without specify phone number"/><testcase name="Search flights successfully"/></testsuite>